<?xml version="1.0" encoding="UTF-8"?>
<testsuite xmlns:xsi="http://www.w3.org/2001/XMLSchema-instance" xsi:noNamespaceSchemaLocation="https://maven.apache.org/surefire/maven-surefire-plugin/xsd/surefire-test-report.xsd" name="com.poly.hangnt169.Sof3021Java5PolyApplicationTests" time="0.114" tests="1" errors="1" skipped="0" failures="0">
  <properties>
    <property name="java.specification.version" value="17"/>
    <property name="sun.jnu.encoding" value="UTF-8"/>
    <property name="java.class.path" value="/Users/hangnt/Documents/Git/Poly/#VideoFullJava/6.Java5/SOF3021_Java5_Poly/target/test-classes:/Users/hangnt/Documents/Git/Poly/#VideoFullJava/6.Java5/SOF3021_Java5_Poly/target/classes:/Users/hangnt/.m2/repository/org/springframework/boot/spring-boot-starter-web/3.0.3/spring-boot-starter-web-3.0.3.jar:/Users/hangnt/.m2/repository/org/springframework/boot/spring-boot-starter/3.0.3/spring-boot-starter-3.0.3.jar:/Users/hangnt/.m2/repository/org/springframework/boot/spring-boot/3.0.3/spring-boot-3.0.3.jar:/Users/hangnt/.m2/repository/org/springframework/boot/spring-boot-autoconfigure/3.0.3/spring-boot-autoconfigure-3.0.3.jar:/Users/hangnt/.m2/repository/org/springframework/boot/spring-boot-starter-logging/3.0.3/spring-boot-starter-logging-3.0.3.jar:/Users/hangnt/.m2/repository/ch/qos/logback/logback-classic/1.4.5/logback-classic-1.4.5.jar:/Users/hangnt/.m2/repository/ch/qos/logback/logback-core/1.4.5/logback-core-1.4.5.jar:/Users/hangnt/.m2/repository/org/apache/logging/log4j/log4j-to-slf4j/2.19.0/log4j-to-slf4j-2.19.0.jar:/Users/hangnt/.m2/repository/org/apache/logging/log4j/log4j-api/2.19.0/log4j-api-2.19.0.jar:/Users/hangnt/.m2/repository/org/slf4j/jul-to-slf4j/2.0.6/jul-to-slf4j-2.0.6.jar:/Users/hangnt/.m2/repository/org/yaml/snakeyaml/1.33/snakeyaml-1.33.jar:/Users/hangnt/.m2/repository/org/springframework/boot/spring-boot-starter-json/3.0.3/spring-boot-starter-json-3.0.3.jar:/Users/hangnt/.m2/repository/com/fasterxml/jackson/core/jackson-databind/2.14.2/jackson-databind-2.14.2.jar:/Users/hangnt/.m2/repository/com/fasterxml/jackson/core/jackson-annotations/2.14.2/jackson-annotations-2.14.2.jar:/Users/hangnt/.m2/repository/com/fasterxml/jackson/core/jackson-core/2.14.2/jackson-core-2.14.2.jar:/Users/hangnt/.m2/repository/com/fasterxml/jackson/datatype/jackson-datatype-jdk8/2.14.2/jackson-datatype-jdk8-2.14.2.jar:/Users/hangnt/.m2/repository/com/fasterxml/jackson/datatype/jackson-datatype-jsr310/2.14.2/jackson-datatype-jsr310-2.14.2.jar:/Users/hangnt/.m2/repository/com/fasterxml/jackson/module/jackson-module-parameter-names/2.14.2/jackson-module-parameter-names-2.14.2.jar:/Users/hangnt/.m2/repository/org/springframework/spring-web/6.0.5/spring-web-6.0.5.jar:/Users/hangnt/.m2/repository/org/springframework/spring-beans/6.0.5/spring-beans-6.0.5.jar:/Users/hangnt/.m2/repository/io/micrometer/micrometer-observation/1.10.4/micrometer-observation-1.10.4.jar:/Users/hangnt/.m2/repository/io/micrometer/micrometer-commons/1.10.4/micrometer-commons-1.10.4.jar:/Users/hangnt/.m2/repository/org/springframework/spring-webmvc/6.0.5/spring-webmvc-6.0.5.jar:/Users/hangnt/.m2/repository/org/springframework/spring-aop/6.0.5/spring-aop-6.0.5.jar:/Users/hangnt/.m2/repository/org/springframework/spring-context/6.0.5/spring-context-6.0.5.jar:/Users/hangnt/.m2/repository/org/springframework/spring-expression/6.0.5/spring-expression-6.0.5.jar:/Users/hangnt/.m2/repository/org/springframework/boot/spring-boot-starter-tomcat/3.0.3/spring-boot-starter-tomcat-3.0.3.jar:/Users/hangnt/.m2/repository/jakarta/annotation/jakarta.annotation-api/2.1.1/jakarta.annotation-api-2.1.1.jar:/Users/hangnt/.m2/repository/org/apache/tomcat/embed/tomcat-embed-core/10.1.5/tomcat-embed-core-10.1.5.jar:/Users/hangnt/.m2/repository/org/apache/tomcat/embed/tomcat-embed-el/10.1.5/tomcat-embed-el-10.1.5.jar:/Users/hangnt/.m2/repository/org/apache/tomcat/embed/tomcat-embed-websocket/10.1.5/tomcat-embed-websocket-10.1.5.jar:/Users/hangnt/.m2/repository/org/springframework/boot/spring-boot-starter-test/3.0.3/spring-boot-starter-test-3.0.3.jar:/Users/hangnt/.m2/repository/org/springframework/boot/spring-boot-test/3.0.3/spring-boot-test-3.0.3.jar:/Users/hangnt/.m2/repository/org/springframework/boot/spring-boot-test-autoconfigure/3.0.3/spring-boot-test-autoconfigure-3.0.3.jar:/Users/hangnt/.m2/repository/com/jayway/jsonpath/json-path/2.7.0/json-path-2.7.0.jar:/Users/hangnt/.m2/repository/net/minidev/json-smart/2.4.8/json-smart-2.4.8.jar:/Users/hangnt/.m2/repository/net/minidev/accessors-smart/2.4.8/accessors-smart-2.4.8.jar:/Users/hangnt/.m2/repository/org/ow2/asm/asm/9.1/asm-9.1.jar:/Users/hangnt/.m2/repository/org/slf4j/slf4j-api/2.0.6/slf4j-api-2.0.6.jar:/Users/hangnt/.m2/repository/jakarta/xml/bind/jakarta.xml.bind-api/4.0.0/jakarta.xml.bind-api-4.0.0.jar:/Users/hangnt/.m2/repository/jakarta/activation/jakarta.activation-api/2.1.1/jakarta.activation-api-2.1.1.jar:/Users/hangnt/.m2/repository/org/assertj/assertj-core/3.23.1/assertj-core-3.23.1.jar:/Users/hangnt/.m2/repository/net/bytebuddy/byte-buddy/1.12.23/byte-buddy-1.12.23.jar:/Users/hangnt/.m2/repository/org/hamcrest/hamcrest/2.2/hamcrest-2.2.jar:/Users/hangnt/.m2/repository/org/junit/jupiter/junit-jupiter/5.9.2/junit-jupiter-5.9.2.jar:/Users/hangnt/.m2/repository/org/junit/jupiter/junit-jupiter-api/5.9.2/junit-jupiter-api-5.9.2.jar:/Users/hangnt/.m2/repository/org/opentest4j/opentest4j/1.2.0/opentest4j-1.2.0.jar:/Users/hangnt/.m2/repository/org/junit/platform/junit-platform-commons/1.9.2/junit-platform-commons-1.9.2.jar:/Users/hangnt/.m2/repository/org/apiguardian/apiguardian-api/1.1.2/apiguardian-api-1.1.2.jar:/Users/hangnt/.m2/repository/org/junit/jupiter/junit-jupiter-params/5.9.2/junit-jupiter-params-5.9.2.jar:/Users/hangnt/.m2/repository/org/junit/jupiter/junit-jupiter-engine/5.9.2/junit-jupiter-engine-5.9.2.jar:/Users/hangnt/.m2/repository/org/junit/platform/junit-platform-engine/1.9.2/junit-platform-engine-1.9.2.jar:/Users/hangnt/.m2/repository/org/mockito/mockito-core/4.8.1/mockito-core-4.8.1.jar:/Users/hangnt/.m2/repository/net/bytebuddy/byte-buddy-agent/1.12.23/byte-buddy-agent-1.12.23.jar:/Users/hangnt/.m2/repository/org/objenesis/objenesis/3.2/objenesis-3.2.jar:/Users/hangnt/.m2/repository/org/mockito/mockito-junit-jupiter/4.8.1/mockito-junit-jupiter-4.8.1.jar:/Users/hangnt/.m2/repository/org/skyscreamer/jsonassert/1.5.1/jsonassert-1.5.1.jar:/Users/hangnt/.m2/repository/com/vaadin/external/google/android-json/0.0.20131108.vaadin1/android-json-0.0.20131108.vaadin1.jar:/Users/hangnt/.m2/repository/org/springframework/spring-core/6.0.5/spring-core-6.0.5.jar:/Users/hangnt/.m2/repository/org/springframework/spring-jcl/6.0.5/spring-jcl-6.0.5.jar:/Users/hangnt/.m2/repository/org/springframework/spring-test/6.0.5/spring-test-6.0.5.jar:/Users/hangnt/.m2/repository/org/xmlunit/xmlunit-core/2.9.1/xmlunit-core-2.9.1.jar:/Users/hangnt/.m2/repository/org/apache/tomcat/embed/tomcat-embed-jasper/10.1.5/tomcat-embed-jasper-10.1.5.jar:/Users/hangnt/.m2/repository/org/eclipse/jdt/ecj/3.32.0/ecj-3.32.0.jar:/Users/hangnt/.m2/repository/org/projectlombok/lombok/1.18.24/lombok-1.18.24.jar:/Users/hangnt/.m2/repository/org/glassfish/web/jakarta.servlet.jsp.jstl/2.0.0/jakarta.servlet.jsp.jstl-2.0.0.jar:/Users/hangnt/.m2/repository/jakarta/servlet/jsp/jstl/jakarta.servlet.jsp.jstl-api/3.0.0/jakarta.servlet.jsp.jstl-api-3.0.0.jar:/Users/hangnt/.m2/repository/jakarta/servlet/jakarta.servlet-api/6.0.0/jakarta.servlet-api-6.0.0.jar:/Users/hangnt/.m2/repository/jakarta/el/jakarta.el-api/5.0.0/jakarta.el-api-5.0.0.jar:/Users/hangnt/.m2/repository/org/apache/taglibs/taglibs-standard-spec/1.2.5/taglibs-standard-spec-1.2.5.jar:/Users/hangnt/.m2/repository/org/apache/taglibs/taglibs-standard-impl/1.2.5/taglibs-standard-impl-1.2.5.jar:/Users/hangnt/.m2/repository/javax/servlet/jsp/jstl/jstl-api/1.2/jstl-api-1.2.jar:/Users/hangnt/.m2/repository/javax/servlet/servlet-api/2.5/servlet-api-2.5.jar:/Users/hangnt/.m2/repository/javax/servlet/jsp/jsp-api/2.1/jsp-api-2.1.jar:/Users/hangnt/.m2/repository/org/springframework/boot/spring-boot-starter-validation/3.0.3/spring-boot-starter-validation-3.0.3.jar:/Users/hangnt/.m2/repository/org/hibernate/validator/hibernate-validator/8.0.0.Final/hibernate-validator-8.0.0.Final.jar:/Users/hangnt/.m2/repository/jakarta/validation/jakarta.validation-api/3.0.2/jakarta.validation-api-3.0.2.jar:/Users/hangnt/.m2/repository/org/jboss/logging/jboss-logging/3.5.0.Final/jboss-logging-3.5.0.Final.jar:/Users/hangnt/.m2/repository/com/fasterxml/classmate/1.5.1/classmate-1.5.1.jar:/Users/hangnt/.m2/repository/org/springframework/boot/spring-boot-starter-data-jpa/3.0.3/spring-boot-starter-data-jpa-3.0.3.jar:/Users/hangnt/.m2/repository/org/springframework/boot/spring-boot-starter-aop/3.0.3/spring-boot-starter-aop-3.0.3.jar:/Users/hangnt/.m2/repository/org/aspectj/aspectjweaver/1.9.19/aspectjweaver-1.9.19.jar:/Users/hangnt/.m2/repository/org/springframework/boot/spring-boot-starter-jdbc/3.0.3/spring-boot-starter-jdbc-3.0.3.jar:/Users/hangnt/.m2/repository/com/zaxxer/HikariCP/5.0.1/HikariCP-5.0.1.jar:/Users/hangnt/.m2/repository/org/springframework/spring-jdbc/6.0.5/spring-jdbc-6.0.5.jar:/Users/hangnt/.m2/repository/org/hibernate/orm/hibernate-core/6.1.7.Final/hibernate-core-6.1.7.Final.jar:/Users/hangnt/.m2/repository/jakarta/persistence/jakarta.persistence-api/3.1.0/jakarta.persistence-api-3.1.0.jar:/Users/hangnt/.m2/repository/jakarta/transaction/jakarta.transaction-api/2.0.1/jakarta.transaction-api-2.0.1.jar:/Users/hangnt/.m2/repository/org/hibernate/common/hibernate-commons-annotations/6.0.6.Final/hibernate-commons-annotations-6.0.6.Final.jar:/Users/hangnt/.m2/repository/org/jboss/jandex/2.4.2.Final/jandex-2.4.2.Final.jar:/Users/hangnt/.m2/repository/org/glassfish/jaxb/jaxb-runtime/4.0.2/jaxb-runtime-4.0.2.jar:/Users/hangnt/.m2/repository/org/glassfish/jaxb/jaxb-core/4.0.2/jaxb-core-4.0.2.jar:/Users/hangnt/.m2/repository/org/eclipse/angus/angus-activation/2.0.0/angus-activation-2.0.0.jar:/Users/hangnt/.m2/repository/org/glassfish/jaxb/txw2/4.0.2/txw2-4.0.2.jar:/Users/hangnt/.m2/repository/com/sun/istack/istack-commons-runtime/4.1.1/istack-commons-runtime-4.1.1.jar:/Users/hangnt/.m2/repository/jakarta/inject/jakarta.inject-api/2.0.0/jakarta.inject-api-2.0.0.jar:/Users/hangnt/.m2/repository/org/antlr/antlr4-runtime/4.10.1/antlr4-runtime-4.10.1.jar:/Users/hangnt/.m2/repository/org/springframework/data/spring-data-jpa/3.0.2/spring-data-jpa-3.0.2.jar:/Users/hangnt/.m2/repository/org/springframework/data/spring-data-commons/3.0.2/spring-data-commons-3.0.2.jar:/Users/hangnt/.m2/repository/org/springframework/spring-orm/6.0.5/spring-orm-6.0.5.jar:/Users/hangnt/.m2/repository/org/springframework/spring-tx/6.0.5/spring-tx-6.0.5.jar:/Users/hangnt/.m2/repository/org/springframework/spring-aspects/6.0.5/spring-aspects-6.0.5.jar:/Users/hangnt/.m2/repository/com/mysql/mysql-connector-j/8.0.32/mysql-connector-j-8.0.32.jar:"/>
    <property name="java.vm.vendor" value="Oracle Corporation"/>
    <property name="sun.arch.data.model" value="64"/>
    <property name="java.vendor.url" value="https://java.oracle.com/"/>
    <property name="os.name" value="Mac OS X"/>
    <property name="java.vm.specification.version" value="17"/>
    <property name="sun.java.launcher" value="SUN_STANDARD"/>
    <property name="user.country" value="VN"/>
    <property name="sun.boot.library.path" value="/Library/Java/JavaVirtualMachines/jdk-17.0.4.1.jdk/Contents/Home/lib"/>
    <property name="sun.java.command" value="/Users/hangnt/Documents/Git/Poly/#VideoFullJava/6.Java5/SOF3021_Java5_Poly/target/surefire/surefirebooter7206297969169332546.jar /Users/hangnt/Documents/Git/Poly/#VideoFullJava/6.Java5/SOF3021_Java5_Poly/target/surefire 2023-02-27T08-03-17_495-jvmRun1 surefire3603689832105425763tmp surefire_01633751324592521059tmp"/>
    <property name="http.nonProxyHosts" value="local|*.local|169.254/16|*.169.254/16"/>
    <property name="jdk.debug" value="release"/>
    <property name="surefire.test.class.path" value="/Users/hangnt/Documents/Git/Poly/#VideoFullJava/6.Java5/SOF3021_Java5_Poly/target/test-classes:/Users/hangnt/Documents/Git/Poly/#VideoFullJava/6.Java5/SOF3021_Java5_Poly/target/classes:/Users/hangnt/.m2/repository/org/springframework/boot/spring-boot-starter-web/3.0.3/spring-boot-starter-web-3.0.3.jar:/Users/hangnt/.m2/repository/org/springframework/boot/spring-boot-starter/3.0.3/spring-boot-starter-3.0.3.jar:/Users/hangnt/.m2/repository/org/springframework/boot/spring-boot/3.0.3/spring-boot-3.0.3.jar:/Users/hangnt/.m2/repository/org/springframework/boot/spring-boot-autoconfigure/3.0.3/spring-boot-autoconfigure-3.0.3.jar:/Users/hangnt/.m2/repository/org/springframework/boot/spring-boot-starter-logging/3.0.3/spring-boot-starter-logging-3.0.3.jar:/Users/hangnt/.m2/repository/ch/qos/logback/logback-classic/1.4.5/logback-classic-1.4.5.jar:/Users/hangnt/.m2/repository/ch/qos/logback/logback-core/1.4.5/logback-core-1.4.5.jar:/Users/hangnt/.m2/repository/org/apache/logging/log4j/log4j-to-slf4j/2.19.0/log4j-to-slf4j-2.19.0.jar:/Users/hangnt/.m2/repository/org/apache/logging/log4j/log4j-api/2.19.0/log4j-api-2.19.0.jar:/Users/hangnt/.m2/repository/org/slf4j/jul-to-slf4j/2.0.6/jul-to-slf4j-2.0.6.jar:/Users/hangnt/.m2/repository/org/yaml/snakeyaml/1.33/snakeyaml-1.33.jar:/Users/hangnt/.m2/repository/org/springframework/boot/spring-boot-starter-json/3.0.3/spring-boot-starter-json-3.0.3.jar:/Users/hangnt/.m2/repository/com/fasterxml/jackson/core/jackson-databind/2.14.2/jackson-databind-2.14.2.jar:/Users/hangnt/.m2/repository/com/fasterxml/jackson/core/jackson-annotations/2.14.2/jackson-annotations-2.14.2.jar:/Users/hangnt/.m2/repository/com/fasterxml/jackson/core/jackson-core/2.14.2/jackson-core-2.14.2.jar:/Users/hangnt/.m2/repository/com/fasterxml/jackson/datatype/jackson-datatype-jdk8/2.14.2/jackson-datatype-jdk8-2.14.2.jar:/Users/hangnt/.m2/repository/com/fasterxml/jackson/datatype/jackson-datatype-jsr310/2.14.2/jackson-datatype-jsr310-2.14.2.jar:/Users/hangnt/.m2/repository/com/fasterxml/jackson/module/jackson-module-parameter-names/2.14.2/jackson-module-parameter-names-2.14.2.jar:/Users/hangnt/.m2/repository/org/springframework/spring-web/6.0.5/spring-web-6.0.5.jar:/Users/hangnt/.m2/repository/org/springframework/spring-beans/6.0.5/spring-beans-6.0.5.jar:/Users/hangnt/.m2/repository/io/micrometer/micrometer-observation/1.10.4/micrometer-observation-1.10.4.jar:/Users/hangnt/.m2/repository/io/micrometer/micrometer-commons/1.10.4/micrometer-commons-1.10.4.jar:/Users/hangnt/.m2/repository/org/springframework/spring-webmvc/6.0.5/spring-webmvc-6.0.5.jar:/Users/hangnt/.m2/repository/org/springframework/spring-aop/6.0.5/spring-aop-6.0.5.jar:/Users/hangnt/.m2/repository/org/springframework/spring-context/6.0.5/spring-context-6.0.5.jar:/Users/hangnt/.m2/repository/org/springframework/spring-expression/6.0.5/spring-expression-6.0.5.jar:/Users/hangnt/.m2/repository/org/springframework/boot/spring-boot-starter-tomcat/3.0.3/spring-boot-starter-tomcat-3.0.3.jar:/Users/hangnt/.m2/repository/jakarta/annotation/jakarta.annotation-api/2.1.1/jakarta.annotation-api-2.1.1.jar:/Users/hangnt/.m2/repository/org/apache/tomcat/embed/tomcat-embed-core/10.1.5/tomcat-embed-core-10.1.5.jar:/Users/hangnt/.m2/repository/org/apache/tomcat/embed/tomcat-embed-el/10.1.5/tomcat-embed-el-10.1.5.jar:/Users/hangnt/.m2/repository/org/apache/tomcat/embed/tomcat-embed-websocket/10.1.5/tomcat-embed-websocket-10.1.5.jar:/Users/hangnt/.m2/repository/org/springframework/boot/spring-boot-starter-test/3.0.3/spring-boot-starter-test-3.0.3.jar:/Users/hangnt/.m2/repository/org/springframework/boot/spring-boot-test/3.0.3/spring-boot-test-3.0.3.jar:/Users/hangnt/.m2/repository/org/springframework/boot/spring-boot-test-autoconfigure/3.0.3/spring-boot-test-autoconfigure-3.0.3.jar:/Users/hangnt/.m2/repository/com/jayway/jsonpath/json-path/2.7.0/json-path-2.7.0.jar:/Users/hangnt/.m2/repository/net/minidev/json-smart/2.4.8/json-smart-2.4.8.jar:/Users/hangnt/.m2/repository/net/minidev/accessors-smart/2.4.8/accessors-smart-2.4.8.jar:/Users/hangnt/.m2/repository/org/ow2/asm/asm/9.1/asm-9.1.jar:/Users/hangnt/.m2/repository/org/slf4j/slf4j-api/2.0.6/slf4j-api-2.0.6.jar:/Users/hangnt/.m2/repository/jakarta/xml/bind/jakarta.xml.bind-api/4.0.0/jakarta.xml.bind-api-4.0.0.jar:/Users/hangnt/.m2/repository/jakarta/activation/jakarta.activation-api/2.1.1/jakarta.activation-api-2.1.1.jar:/Users/hangnt/.m2/repository/org/assertj/assertj-core/3.23.1/assertj-core-3.23.1.jar:/Users/hangnt/.m2/repository/net/bytebuddy/byte-buddy/1.12.23/byte-buddy-1.12.23.jar:/Users/hangnt/.m2/repository/org/hamcrest/hamcrest/2.2/hamcrest-2.2.jar:/Users/hangnt/.m2/repository/org/junit/jupiter/junit-jupiter/5.9.2/junit-jupiter-5.9.2.jar:/Users/hangnt/.m2/repository/org/junit/jupiter/junit-jupiter-api/5.9.2/junit-jupiter-api-5.9.2.jar:/Users/hangnt/.m2/repository/org/opentest4j/opentest4j/1.2.0/opentest4j-1.2.0.jar:/Users/hangnt/.m2/repository/org/junit/platform/junit-platform-commons/1.9.2/junit-platform-commons-1.9.2.jar:/Users/hangnt/.m2/repository/org/apiguardian/apiguardian-api/1.1.2/apiguardian-api-1.1.2.jar:/Users/hangnt/.m2/repository/org/junit/jupiter/junit-jupiter-params/5.9.2/junit-jupiter-params-5.9.2.jar:/Users/hangnt/.m2/repository/org/junit/jupiter/junit-jupiter-engine/5.9.2/junit-jupiter-engine-5.9.2.jar:/Users/hangnt/.m2/repository/org/junit/platform/junit-platform-engine/1.9.2/junit-platform-engine-1.9.2.jar:/Users/hangnt/.m2/repository/org/mockito/mockito-core/4.8.1/mockito-core-4.8.1.jar:/Users/hangnt/.m2/repository/net/bytebuddy/byte-buddy-agent/1.12.23/byte-buddy-agent-1.12.23.jar:/Users/hangnt/.m2/repository/org/objenesis/objenesis/3.2/objenesis-3.2.jar:/Users/hangnt/.m2/repository/org/mockito/mockito-junit-jupiter/4.8.1/mockito-junit-jupiter-4.8.1.jar:/Users/hangnt/.m2/repository/org/skyscreamer/jsonassert/1.5.1/jsonassert-1.5.1.jar:/Users/hangnt/.m2/repository/com/vaadin/external/google/android-json/0.0.20131108.vaadin1/android-json-0.0.20131108.vaadin1.jar:/Users/hangnt/.m2/repository/org/springframework/spring-core/6.0.5/spring-core-6.0.5.jar:/Users/hangnt/.m2/repository/org/springframework/spring-jcl/6.0.5/spring-jcl-6.0.5.jar:/Users/hangnt/.m2/repository/org/springframework/spring-test/6.0.5/spring-test-6.0.5.jar:/Users/hangnt/.m2/repository/org/xmlunit/xmlunit-core/2.9.1/xmlunit-core-2.9.1.jar:/Users/hangnt/.m2/repository/org/apache/tomcat/embed/tomcat-embed-jasper/10.1.5/tomcat-embed-jasper-10.1.5.jar:/Users/hangnt/.m2/repository/org/eclipse/jdt/ecj/3.32.0/ecj-3.32.0.jar:/Users/hangnt/.m2/repository/org/projectlombok/lombok/1.18.24/lombok-1.18.24.jar:/Users/hangnt/.m2/repository/org/glassfish/web/jakarta.servlet.jsp.jstl/2.0.0/jakarta.servlet.jsp.jstl-2.0.0.jar:/Users/hangnt/.m2/repository/jakarta/servlet/jsp/jstl/jakarta.servlet.jsp.jstl-api/3.0.0/jakarta.servlet.jsp.jstl-api-3.0.0.jar:/Users/hangnt/.m2/repository/jakarta/servlet/jakarta.servlet-api/6.0.0/jakarta.servlet-api-6.0.0.jar:/Users/hangnt/.m2/repository/jakarta/el/jakarta.el-api/5.0.0/jakarta.el-api-5.0.0.jar:/Users/hangnt/.m2/repository/org/apache/taglibs/taglibs-standard-spec/1.2.5/taglibs-standard-spec-1.2.5.jar:/Users/hangnt/.m2/repository/org/apache/taglibs/taglibs-standard-impl/1.2.5/taglibs-standard-impl-1.2.5.jar:/Users/hangnt/.m2/repository/javax/servlet/jsp/jstl/jstl-api/1.2/jstl-api-1.2.jar:/Users/hangnt/.m2/repository/javax/servlet/servlet-api/2.5/servlet-api-2.5.jar:/Users/hangnt/.m2/repository/javax/servlet/jsp/jsp-api/2.1/jsp-api-2.1.jar:/Users/hangnt/.m2/repository/org/springframework/boot/spring-boot-starter-validation/3.0.3/spring-boot-starter-validation-3.0.3.jar:/Users/hangnt/.m2/repository/org/hibernate/validator/hibernate-validator/8.0.0.Final/hibernate-validator-8.0.0.Final.jar:/Users/hangnt/.m2/repository/jakarta/validation/jakarta.validation-api/3.0.2/jakarta.validation-api-3.0.2.jar:/Users/hangnt/.m2/repository/org/jboss/logging/jboss-logging/3.5.0.Final/jboss-logging-3.5.0.Final.jar:/Users/hangnt/.m2/repository/com/fasterxml/classmate/1.5.1/classmate-1.5.1.jar:/Users/hangnt/.m2/repository/org/springframework/boot/spring-boot-starter-data-jpa/3.0.3/spring-boot-starter-data-jpa-3.0.3.jar:/Users/hangnt/.m2/repository/org/springframework/boot/spring-boot-starter-aop/3.0.3/spring-boot-starter-aop-3.0.3.jar:/Users/hangnt/.m2/repository/org/aspectj/aspectjweaver/1.9.19/aspectjweaver-1.9.19.jar:/Users/hangnt/.m2/repository/org/springframework/boot/spring-boot-starter-jdbc/3.0.3/spring-boot-starter-jdbc-3.0.3.jar:/Users/hangnt/.m2/repository/com/zaxxer/HikariCP/5.0.1/HikariCP-5.0.1.jar:/Users/hangnt/.m2/repository/org/springframework/spring-jdbc/6.0.5/spring-jdbc-6.0.5.jar:/Users/hangnt/.m2/repository/org/hibernate/orm/hibernate-core/6.1.7.Final/hibernate-core-6.1.7.Final.jar:/Users/hangnt/.m2/repository/jakarta/persistence/jakarta.persistence-api/3.1.0/jakarta.persistence-api-3.1.0.jar:/Users/hangnt/.m2/repository/jakarta/transaction/jakarta.transaction-api/2.0.1/jakarta.transaction-api-2.0.1.jar:/Users/hangnt/.m2/repository/org/hibernate/common/hibernate-commons-annotations/6.0.6.Final/hibernate-commons-annotations-6.0.6.Final.jar:/Users/hangnt/.m2/repository/org/jboss/jandex/2.4.2.Final/jandex-2.4.2.Final.jar:/Users/hangnt/.m2/repository/org/glassfish/jaxb/jaxb-runtime/4.0.2/jaxb-runtime-4.0.2.jar:/Users/hangnt/.m2/repository/org/glassfish/jaxb/jaxb-core/4.0.2/jaxb-core-4.0.2.jar:/Users/hangnt/.m2/repository/org/eclipse/angus/angus-activation/2.0.0/angus-activation-2.0.0.jar:/Users/hangnt/.m2/repository/org/glassfish/jaxb/txw2/4.0.2/txw2-4.0.2.jar:/Users/hangnt/.m2/repository/com/sun/istack/istack-commons-runtime/4.1.1/istack-commons-runtime-4.1.1.jar:/Users/hangnt/.m2/repository/jakarta/inject/jakarta.inject-api/2.0.0/jakarta.inject-api-2.0.0.jar:/Users/hangnt/.m2/repository/org/antlr/antlr4-runtime/4.10.1/antlr4-runtime-4.10.1.jar:/Users/hangnt/.m2/repository/org/springframework/data/spring-data-jpa/3.0.2/spring-data-jpa-3.0.2.jar:/Users/hangnt/.m2/repository/org/springframework/data/spring-data-commons/3.0.2/spring-data-commons-3.0.2.jar:/Users/hangnt/.m2/repository/org/springframework/spring-orm/6.0.5/spring-orm-6.0.5.jar:/Users/hangnt/.m2/repository/org/springframework/spring-tx/6.0.5/spring-tx-6.0.5.jar:/Users/hangnt/.m2/repository/org/springframework/spring-aspects/6.0.5/spring-aspects-6.0.5.jar:/Users/hangnt/.m2/repository/com/mysql/mysql-connector-j/8.0.32/mysql-connector-j-8.0.32.jar:"/>
    <property name="sun.cpu.endian" value="little"/>
    <property name="user.home" value="/Users/hangnt"/>
    <property name="user.language" value="en"/>
    <property name="java.specification.vendor" value="Oracle Corporation"/>
    <property name="java.version.date" value="2022-08-18"/>
    <property name="java.home" value="/Library/Java/JavaVirtualMachines/jdk-17.0.4.1.jdk/Contents/Home"/>
    <property name="file.separator" value="/"/>
    <property name="basedir" value="/Users/hangnt/Documents/Git/Poly/#VideoFullJava/6.Java5/SOF3021_Java5_Poly"/>
    <property name="java.vm.compressedOopsMode" value="Zero based"/>
    <property name="line.separator" value="&#10;"/>
    <property name="java.specification.name" value="Java Platform API Specification"/>
    <property name="java.vm.specification.vendor" value="Oracle Corporation"/>
    <property name="surefire.real.class.path" value="/Users/hangnt/Documents/Git/Poly/#VideoFullJava/6.Java5/SOF3021_Java5_Poly/target/surefire/surefirebooter7206297969169332546.jar"/>
    <property name="sun.management.compiler" value="HotSpot 64-Bit Tiered Compilers"/>
    <property name="ftp.nonProxyHosts" value="local|*.local|169.254/16|*.169.254/16"/>
    <property name="java.runtime.version" value="17.0.4.1+1-LTS-2"/>
    <property name="user.name" value="hangnt"/>
    <property name="path.separator" value=":"/>
    <property name="os.version" value="13.2.1"/>
    <property name="java.runtime.name" value="Java(TM) SE Runtime Environment"/>
    <property name="file.encoding" value="UTF-8"/>
    <property name="java.vm.name" value="Java HotSpot(TM) 64-Bit Server VM"/>
    <property name="localRepository" value="/Users/hangnt/.m2/repository"/>
    <property name="java.vendor.url.bug" value="https://bugreport.java.com/bugreport/"/>
    <property name="java.io.tmpdir" value="/var/folders/q5/8_7ddq9x0fj3zdmt6_lws8280000gn/T/"/>
    <property name="idea.version" value="2022.3.2"/>
    <property name="java.version" value="17.0.4.1"/>
    <property name="user.dir" value="/Users/hangnt/Documents/Git/Poly/#VideoFullJava/6.Java5/SOF3021_Java5_Poly"/>
    <property name="os.arch" value="aarch64"/>
    <property name="java.vm.specification.name" value="Java Virtual Machine Specification"/>
    <property name="native.encoding" value="UTF-8"/>
    <property name="java.library.path" value="/Users/hangnt/Library/Java/Extensions:/Library/Java/Extensions:/Network/Library/Java/Extensions:/System/Library/Java/Extensions:/usr/lib/java:."/>
    <property name="java.vm.info" value="mixed mode, sharing"/>
    <property name="java.vendor" value="Oracle Corporation"/>
    <property name="java.vm.version" value="17.0.4.1+1-LTS-2"/>
    <property name="sun.io.unicode.encoding" value="UnicodeBig"/>
    <property name="socksNonProxyHosts" value="local|*.local|169.254/16|*.169.254/16"/>
    <property name="java.class.version" value="61.0"/>
  </properties>
  <testcase name="com.poly.hangnt169.Sof3021Java5PolyApplicationTests" classname="com.poly.hangnt169.Sof3021Java5PolyApplicationTests" time="0.114">
    <error message="Unable to find a @SpringBootConfiguration, you need to use @ContextConfiguration or @SpringBootTest(classes=...) with your test" type="java.lang.IllegalStateException">java.lang.IllegalStateException: Unable to find a @SpringBootConfiguration, you need to use @ContextConfiguration or @SpringBootTest(classes=...) with your test
</error>
    <system-out><![CDATA[08:03:19.773 [main] DEBUG org.springframework.boot.test.context.SpringBootTestContextBootstrapper - Neither @ContextConfiguration nor @ContextHierarchy found for test class [Sof3021Java5PolyApplicationTests]: using SpringBootContextLoader
08:03:19.774 [main] DEBUG org.springframework.test.context.support.AbstractContextLoader - Could not detect default resource locations for test class [com.poly.hangnt169.Sof3021Java5PolyApplicationTests]: no resource found for suffixes {-context.xml, Context.groovy}.
08:03:19.775 [main] INFO org.springframework.test.context.support.AnnotationConfigContextLoaderUtils - Could not detect default configuration classes for test class [com.poly.hangnt169.Sof3021Java5PolyApplicationTests]: Sof3021Java5PolyApplicationTests does not declare any static, non-private, non-final, nested classes annotated with @Configuration.
08:03:19.784 [main] DEBUG org.springframework.boot.test.context.SpringBootTestContextBootstrapper - Using ContextCustomizers for test class [Sof3021Java5PolyApplicationTests]: [ExcludeFilterContextCustomizer, DuplicateJsonObjectContextCustomizer, MockitoContextCustomizer, TestRestTemplateContextCustomizer, DisableObservabilityContextCustomizer, PropertyMappingContextCustomizer, Customizer]
08:03:19.798 [main] DEBUG org.springframework.core.io.support.PathMatchingResourcePatternResolver - Failed to complete search in directory [/Users/hangnt/Documents/Git/Poly/%23VideoFullJava/6.Java5/SOF3021_Java5_Poly/target/test-classes/com/poly/hangnt169] for files matching pattern [*.class]: java.nio.file.NoSuchFileException: /Users/hangnt/Documents/Git/Poly/%23VideoFullJava/6.Java5/SOF3021_Java5_Poly/target/test-classes/com/poly/hangnt169
08:03:19.798 [main] DEBUG org.springframework.core.io.support.PathMatchingResourcePatternResolver - Failed to complete search in directory [/Users/hangnt/Documents/Git/Poly/%23VideoFullJava/6.Java5/SOF3021_Java5_Poly/target/classes/com/poly/hangnt169] for files matching pattern [*.class]: java.nio.file.NoSuchFileException: /Users/hangnt/Documents/Git/Poly/%23VideoFullJava/6.Java5/SOF3021_Java5_Poly/target/classes/com/poly/hangnt169
08:03:19.798 [main] DEBUG org.springframework.core.io.support.PathMatchingResourcePatternResolver - Failed to complete search in directory [/Users/hangnt/Documents/Git/Poly/%23VideoFullJava/6.Java5/SOF3021_Java5_Poly/target/test-classes/com/poly] for files matching pattern [*.class]: java.nio.file.NoSuchFileException: /Users/hangnt/Documents/Git/Poly/%23VideoFullJava/6.Java5/SOF3021_Java5_Poly/target/test-classes/com/poly
08:03:19.799 [main] DEBUG org.springframework.core.io.support.PathMatchingResourcePatternResolver - Failed to complete search in directory [/Users/hangnt/Documents/Git/Poly/%23VideoFullJava/6.Java5/SOF3021_Java5_Poly/target/classes/com/poly] for files matching pattern [*.class]: java.nio.file.NoSuchFileException: /Users/hangnt/Documents/Git/Poly/%23VideoFullJava/6.Java5/SOF3021_Java5_Poly/target/classes/com/poly
08:03:19.799 [main] DEBUG org.springframework.core.io.support.PathMatchingResourcePatternResolver - Failed to complete search in directory [/Users/hangnt/Documents/Git/Poly/%23VideoFullJava/6.Java5/SOF3021_Java5_Poly/target/test-classes/com] for files matching pattern [*.class]: java.nio.file.NoSuchFileException: /Users/hangnt/Documents/Git/Poly/%23VideoFullJava/6.Java5/SOF3021_Java5_Poly/target/test-classes/com
08:03:19.799 [main] DEBUG org.springframework.core.io.support.PathMatchingResourcePatternResolver - Failed to complete search in directory [/Users/hangnt/Documents/Git/Poly/%23VideoFullJava/6.Java5/SOF3021_Java5_Poly/target/classes/com] for files matching pattern [*.class]: java.nio.file.NoSuchFileException: /Users/hangnt/Documents/Git/Poly/%23VideoFullJava/6.Java5/SOF3021_Java5_Poly/target/classes/com
]]></system-out>
  </testcase>
</testsuite>